<?xml version="1.0" encoding="utf-8"?>
<shfbBuild product="Sandcastle Help File Builder and Tools" version="2024.2.18.0" projectFile="E:\061_GstarCAD-prog\01.gc.cs\GstarCadNetCsharp\Chap02_net481\DotNetARX\DotNetARX.shfbproj" started="2024/7/2 下午 12:27:15">
<buildStep step="Initializing">
The Sandcastle tools are located in &#39;C:\Program Files (x86)\EWSoftware\Sandcastle Help File Builder&#39;
Locating components in the following folder(s):
    E:\061_GstarCAD-prog\01.gc.cs\GstarCadNetCsharp\Chap02_net481\DotNetARX
    C:\ProgramData\EWSoftware\Sandcastle Help File Builder\Components and Plug-Ins
    C:\Program Files (x86)\EWSoftware\Sandcastle Help File Builder\Components
Using framework reflection data for &#39;.NET Framework 4.8&#39; located in &#39;C:\Program Files (x86)\EWSoftware\Sandcastle Help File Builder\Data\.NETFramework&#39;
Using presentation style &#39;VS2013&#39; located in &#39;C:\Program Files (x86)\EWSoftware\Sandcastle Help File Builder\Components\VS2013&#39;
Searching for HTML Help 1 compiler...
Found HTML Help 1 compiler in &#39;C:\Program Files (x86)\HTML Help Workshop\&#39;
Loading and initializing plug-ins...
Lightweight Website Style Version 2024.2.18.0
Copyright &#169; 2006-2024, Eric Woodruff, All Rights Reserved
Portions Copyright &#169; 2014, Sam Harwell, All Rights Reserved
</buildStep>
<buildStep step="ValidatingDocumentationSources">
Validating and copying documentation source information
Source: E:\061_GstarCAD-prog\01.gc.cs\GstarCadNetCsharp\Chap02_net481\DotNetARX\bin\x64\Debug\DotNetARX.xml
Source: E:\061_GstarCAD-prog\01.gc.cs\GstarCadNetCsharp\Chap02_net481\DotNetARX\bin\x64\Debug\DotNetARX.dll
    Found assembly &#39;E:\061_GstarCAD-prog\01.gc.cs\GstarCadNetCsharp\Chap02_net481\DotNetARX\bin\x64\Debug\DotNetARX.dll&#39;

Copying XML comments files
    E:\061_GstarCAD-prog\01.gc.cs\GstarCadNetCsharp\Chap02_net481\DotNetARX\bin\x64\Debug\DotNetARX.xml -&gt; E:\061_GstarCAD-prog\01.gc.cs\GstarCadNetCsharp\Chap02_net481\DotNetARX\Help\Working\DotNetARX.xml
</buildStep>
<buildStep step="GenerateSharedContent">
Generating shared content files (en-US, 英文 (美國))...
<plugIn name="Lightweight Website Style" behavior="After" priority="1000">
</plugIn>    Last step completed in 00:00:00.0190
</buildStep>
<buildStep step="GenerateApiFilter">
Generating API filter for MRefBuilder...
    Last step completed in 00:00:00.0230
</buildStep>
<buildStep step="GenerateReflectionInfo">
Generating reflection information...
[C:\Program Files (x86)\Microsoft Visual Studio\2017\Community\MSBuild\15.0\Bin\MSBuild.exe - GenerateRefInfo-bbed6f08-96b8-42df-9ba1-2c2b36f8d043.proj]
已經開始建置於 2024/7/2 下午 12:27:17。
節點 1 (預設目標) 上的專案 &quot;E:\061_GstarCAD-prog\01.gc.cs\GstarCadNetCsharp\Chap02_net481\DotNetARX\Help\Working\GenerateRefInfo-bbed6f08-96b8-42df-9ba1-2c2b36f8d043.proj&quot;。
PrepareForBuild:
  正在建立目錄 &quot;obj\Debug\&quot;。
GenerateBindingRedirects:
  ResolveAssemblyReferences 未提供建議的繫結重新導向。
GenerateRefInfo:
  Microsoft.Build (v15.9.21+g9802d43bc3)
  c Microsoft Corporation. All rights reserved.
  No source code context base path specified.  Source context information is unavailable.
  Loaded 1 assemblies for reflection and 1 dependency assemblies.
  Wrote information on 1 namespaces, 2 types, and 4 members
  Merging duplicate type and member information
  Merged 0 duplicate type(s) and 0 duplicate member(s)
專案 &quot;E:\061_GstarCAD-prog\01.gc.cs\GstarCadNetCsharp\Chap02_net481\DotNetARX\Help\Working\GenerateRefInfo-bbed6f08-96b8-42df-9ba1-2c2b36f8d043.proj&quot; (預設目標) 建置完成。
    Last step completed in 00:00:02.2456
</buildStep>
<buildStep step="ApplyDocumentModel">
Applying document model to reflection output...
    Last step completed in 00:00:00.1229
</buildStep>
<buildStep step="AddApiTopicFilenames">
Adding topic filenames to API members...
    Last step completed in 00:00:00.0740
</buildStep>
<buildStep step="GenerateApiTopicManifest">
Generating API topic manifest...
    Last step completed in 00:00:00.0380
</buildStep>
<buildStep step="GenerateNamespaceSummaries">
Generating namespace summary information...
    Last step completed in 00:00:00.0390
</buildStep>
<buildStep step="CopyAdditionalContent">
Copying additional content files...
No additional content to copy
    Last step completed in 00:00:00.0060
</buildStep>
<buildStep step="MergeTablesOfContents">
Merging conceptual and additional tables of contents...
    Last step completed in 00:00:00.0010
</buildStep>
<buildStep step="GenerateIntermediateTableOfContents">
Generating intermediate table of contents file for API content...
Generating conceptual content intermediate TOC file...
    Last step completed in 00:00:00.0360
</buildStep>
<buildStep step="CreateBuildAssemblerConfigs">
Creating Sandcastle configuration files...
    Last step completed in 00:00:00.7016
</buildStep>
<buildStep step="CombiningIntermediateTocFiles">
Combining conceptual and API intermediate TOC files...
    Last step completed in 00:00:00.0280
</buildStep>
<buildStep step="MergeCustomConfigs">
Merging custom build component configurations
E:\061_GstarCAD-prog\01.gc.cs\GstarCadNetCsharp\Chap02_net481\DotNetARX\Help\Working\BuildAssembler.config
  Updating reference topic configurations.
  No conceptual content.  Removing conceptual content components.
    Last step completed in 00:00:00.1069
</buildStep>
<buildStep step="BuildTopics">
Building help topics...
Loading configuration...
Processing topics...
SHFB: Warning BE0066: ShowMissingComponent: [N:DotNetARX] Missing &lt;summary&gt; documentation
SHFB: Warning BE0066: ShowMissingComponent: [T:DotNetARX.GeTools] Missing &lt;summary&gt; documentation
SHFB: Warning BE0066: ResolveReferenceLinksComponent: [M:DotNetARX.GeTools.MidPoint(GrxCAD.Geometry.Point3d,GrxCAD.Geometry.Point3d)] Unknown reference link target &#39;T:GrxCAD.Geometry.Point3d&#39;.
SHFB: Warning BE0066: ResolveReferenceLinksComponent: [M:DotNetARX.GeTools.MidPoint(GrxCAD.Geometry.Point3d,GrxCAD.Geometry.Point3d)] Unknown reference link target &#39;T:GrxCAD.Geometry.Point3d&#39;.
SHFB: Warning BE0066: ResolveReferenceLinksComponent: [M:DotNetARX.GeTools.MidPoint(GrxCAD.Geometry.Point3d,GrxCAD.Geometry.Point3d)] Unknown reference link target &#39;T:GrxCAD.Geometry.Point3d&#39;.
SHFB: Warning BE0066: ResolveReferenceLinksComponent: [M:DotNetARX.GeTools.PolarPoint(GrxCAD.Geometry.Point3d,System.Double,System.Double)] Unknown reference link target &#39;T:GrxCAD.Geometry.Point3d&#39;.
SHFB: Warning BE0066: ResolveReferenceLinksComponent: [M:DotNetARX.GeTools.PolarPoint(GrxCAD.Geometry.Point3d,System.Double,System.Double)] Unknown reference link target &#39;T:GrxCAD.Geometry.Point3d&#39;.
SHFB: Warning BE0066: ResolveReferenceLinksComponent: [M:DotNetARX.GeTools.PolarPoint(GrxCAD.Geometry.Point3d,System.Double,System.Double)] Unknown reference link target &#39;T:GrxCAD.Geometry.Point3d&#39;.
SHFB: Warning BE0066: ShowMissingComponent: [T:DotNetARX.Tools] Missing &lt;summary&gt; documentation
SHFB: Warning BE0066: ResolveReferenceLinksComponent: [M:DotNetARX.Tools.AddToModelSpace(GrxCAD.DatabaseServices.Database,GrxCAD.DatabaseServices.Entity)] Unknown reference link target &#39;T:GrxCAD.DatabaseServices.Database&#39;.
SHFB: Warning BE0066: ResolveReferenceLinksComponent: [M:DotNetARX.Tools.AddToModelSpace(GrxCAD.DatabaseServices.Database,GrxCAD.DatabaseServices.Entity)] Unknown reference link target &#39;T:GrxCAD.DatabaseServices.Entity&#39;.
SHFB: Warning BE0066: ResolveReferenceLinksComponent: [M:DotNetARX.Tools.AddToModelSpace(GrxCAD.DatabaseServices.Database,GrxCAD.DatabaseServices.Entity)] Unknown reference link target &#39;T:GrxCAD.DatabaseServices.ObjectId&#39;.
SHFB: Warning BE0066: ResolveReferenceLinksComponent: [M:DotNetARX.Tools.AddToModelSpace(GrxCAD.DatabaseServices.Database,GrxCAD.DatabaseServices.Entity)] Unknown reference link target &#39;T:GrxCAD.DatabaseServices.Database&#39;.
Processed 9 topic(s)
13 warning(s)
CopyFromIndexComponent: &quot;reflection&quot; in-memory cache entries used: 2 of 15.
CopyFromIndexComponent: &quot;comments&quot; in-memory cache entries used: 1 of 30.
    Last step completed in 00:00:08.7394
</buildStep>
<buildStep step="ExtractingHtmlInfo">
Extracting HTML info for HTML Help 1 and/or website...
Using LCID &#39;1033&#39;, code page &#39;65001&#39;, encoding charset &#39;UTF-8&#39;.
Processing Help 1 files in E:\061_GstarCAD-prog\01.gc.cs\GstarCadNetCsharp\Chap02_net481\DotNetARX\Help\Working\Output\HtmlHelp1
Processed 9 HTML files.  Sorting keywords and generating See Also indices.
Saving HTML Help 1 keyword index to E:\061_GstarCAD-prog\01.gc.cs\GstarCadNetCsharp\Chap02_net481\DotNetARX\Help\Working\Output\HtmlHelp1\Documentation.hhk
Saving HTML Help 1 table of contents to E:\061_GstarCAD-prog\01.gc.cs\GstarCadNetCsharp\Chap02_net481\DotNetARX\Help\Working\Output\HtmlHelp1\Documentation.hhc
    Last step completed in 00:00:00.2524
</buildStep>
<buildStep step="CopyStandardHelpContent">
Copying standard help content...
C:\Program Files (x86)\EWSoftware\Sandcastle Help File Builder\Components\VS2013\icons\AlertCaution.png -&gt; E:\061_GstarCAD-prog\01.gc.cs\GstarCadNetCsharp\Chap02_net481\DotNetARX\Help\Working\Output\HtmlHelp1\icons\AlertCaution.png
C:\Program Files (x86)\EWSoftware\Sandcastle Help File Builder\Components\VS2013\icons\AlertNote.png -&gt; E:\061_GstarCAD-prog\01.gc.cs\GstarCadNetCsharp\Chap02_net481\DotNetARX\Help\Working\Output\HtmlHelp1\icons\AlertNote.png
C:\Program Files (x86)\EWSoftware\Sandcastle Help File Builder\Components\VS2013\icons\AlertSecurity.png -&gt; E:\061_GstarCAD-prog\01.gc.cs\GstarCadNetCsharp\Chap02_net481\DotNetARX\Help\Working\Output\HtmlHelp1\icons\AlertSecurity.png
C:\Program Files (x86)\EWSoftware\Sandcastle Help File Builder\Components\VS2013\icons\CodeExample.png -&gt; E:\061_GstarCAD-prog\01.gc.cs\GstarCadNetCsharp\Chap02_net481\DotNetARX\Help\Working\Output\HtmlHelp1\icons\CodeExample.png
C:\Program Files (x86)\EWSoftware\Sandcastle Help File Builder\Components\VS2013\icons\favicon.ico -&gt; E:\061_GstarCAD-prog\01.gc.cs\GstarCadNetCsharp\Chap02_net481\DotNetARX\Help\Working\Output\HtmlHelp1\icons\favicon.ico
C:\Program Files (x86)\EWSoftware\Sandcastle Help File Builder\Components\VS2013\icons\privClass.gif -&gt; E:\061_GstarCAD-prog\01.gc.cs\GstarCadNetCsharp\Chap02_net481\DotNetARX\Help\Working\Output\HtmlHelp1\icons\privClass.gif
C:\Program Files (x86)\EWSoftware\Sandcastle Help File Builder\Components\VS2013\icons\privDelegate.gif -&gt; E:\061_GstarCAD-prog\01.gc.cs\GstarCadNetCsharp\Chap02_net481\DotNetARX\Help\Working\Output\HtmlHelp1\icons\privDelegate.gif
C:\Program Files (x86)\EWSoftware\Sandcastle Help File Builder\Components\VS2013\icons\privEnumeration.gif -&gt; E:\061_GstarCAD-prog\01.gc.cs\GstarCadNetCsharp\Chap02_net481\DotNetARX\Help\Working\Output\HtmlHelp1\icons\privEnumeration.gif
C:\Program Files (x86)\EWSoftware\Sandcastle Help File Builder\Components\VS2013\icons\privEvent.gif -&gt; E:\061_GstarCAD-prog\01.gc.cs\GstarCadNetCsharp\Chap02_net481\DotNetARX\Help\Working\Output\HtmlHelp1\icons\privEvent.gif
C:\Program Files (x86)\EWSoftware\Sandcastle Help File Builder\Components\VS2013\icons\privExtension.gif -&gt; E:\061_GstarCAD-prog\01.gc.cs\GstarCadNetCsharp\Chap02_net481\DotNetARX\Help\Working\Output\HtmlHelp1\icons\privExtension.gif
C:\Program Files (x86)\EWSoftware\Sandcastle Help File Builder\Components\VS2013\icons\privField.gif -&gt; E:\061_GstarCAD-prog\01.gc.cs\GstarCadNetCsharp\Chap02_net481\DotNetARX\Help\Working\Output\HtmlHelp1\icons\privField.gif
C:\Program Files (x86)\EWSoftware\Sandcastle Help File Builder\Components\VS2013\icons\privInterface.gif -&gt; E:\061_GstarCAD-prog\01.gc.cs\GstarCadNetCsharp\Chap02_net481\DotNetARX\Help\Working\Output\HtmlHelp1\icons\privInterface.gif
C:\Program Files (x86)\EWSoftware\Sandcastle Help File Builder\Components\VS2013\icons\privMethod.gif -&gt; E:\061_GstarCAD-prog\01.gc.cs\GstarCadNetCsharp\Chap02_net481\DotNetARX\Help\Working\Output\HtmlHelp1\icons\privMethod.gif
C:\Program Files (x86)\EWSoftware\Sandcastle Help File Builder\Components\VS2013\icons\privProperty.gif -&gt; E:\061_GstarCAD-prog\01.gc.cs\GstarCadNetCsharp\Chap02_net481\DotNetARX\Help\Working\Output\HtmlHelp1\icons\privProperty.gif
C:\Program Files (x86)\EWSoftware\Sandcastle Help File Builder\Components\VS2013\icons\privStructure.gif -&gt; E:\061_GstarCAD-prog\01.gc.cs\GstarCadNetCsharp\Chap02_net481\DotNetARX\Help\Working\Output\HtmlHelp1\icons\privStructure.gif
C:\Program Files (x86)\EWSoftware\Sandcastle Help File Builder\Components\VS2013\icons\protClass.gif -&gt; E:\061_GstarCAD-prog\01.gc.cs\GstarCadNetCsharp\Chap02_net481\DotNetARX\Help\Working\Output\HtmlHelp1\icons\protClass.gif
C:\Program Files (x86)\EWSoftware\Sandcastle Help File Builder\Components\VS2013\icons\protDelegate.gif -&gt; E:\061_GstarCAD-prog\01.gc.cs\GstarCadNetCsharp\Chap02_net481\DotNetARX\Help\Working\Output\HtmlHelp1\icons\protDelegate.gif
C:\Program Files (x86)\EWSoftware\Sandcastle Help File Builder\Components\VS2013\icons\protEnumeration.gif -&gt; E:\061_GstarCAD-prog\01.gc.cs\GstarCadNetCsharp\Chap02_net481\DotNetARX\Help\Working\Output\HtmlHelp1\icons\protEnumeration.gif
C:\Program Files (x86)\EWSoftware\Sandcastle Help File Builder\Components\VS2013\icons\protEvent.gif -&gt; E:\061_GstarCAD-prog\01.gc.cs\GstarCadNetCsharp\Chap02_net481\DotNetARX\Help\Working\Output\HtmlHelp1\icons\protEvent.gif
C:\Program Files (x86)\EWSoftware\Sandcastle Help File Builder\Components\VS2013\icons\protExtension.gif -&gt; E:\061_GstarCAD-prog\01.gc.cs\GstarCadNetCsharp\Chap02_net481\DotNetARX\Help\Working\Output\HtmlHelp1\icons\protExtension.gif
C:\Program Files (x86)\EWSoftware\Sandcastle Help File Builder\Components\VS2013\icons\protField.gif -&gt; E:\061_GstarCAD-prog\01.gc.cs\GstarCadNetCsharp\Chap02_net481\DotNetARX\Help\Working\Output\HtmlHelp1\icons\protField.gif
C:\Program Files (x86)\EWSoftware\Sandcastle Help File Builder\Components\VS2013\icons\protInterface.gif -&gt; E:\061_GstarCAD-prog\01.gc.cs\GstarCadNetCsharp\Chap02_net481\DotNetARX\Help\Working\Output\HtmlHelp1\icons\protInterface.gif
C:\Program Files (x86)\EWSoftware\Sandcastle Help File Builder\Components\VS2013\icons\protMethod.gif -&gt; E:\061_GstarCAD-prog\01.gc.cs\GstarCadNetCsharp\Chap02_net481\DotNetARX\Help\Working\Output\HtmlHelp1\icons\protMethod.gif
C:\Program Files (x86)\EWSoftware\Sandcastle Help File Builder\Components\VS2013\icons\protOperator.gif -&gt; E:\061_GstarCAD-prog\01.gc.cs\GstarCadNetCsharp\Chap02_net481\DotNetARX\Help\Working\Output\HtmlHelp1\icons\protOperator.gif
C:\Program Files (x86)\EWSoftware\Sandcastle Help File Builder\Components\VS2013\icons\protProperty.gif -&gt; E:\061_GstarCAD-prog\01.gc.cs\GstarCadNetCsharp\Chap02_net481\DotNetARX\Help\Working\Output\HtmlHelp1\icons\protProperty.gif
C:\Program Files (x86)\EWSoftware\Sandcastle Help File Builder\Components\VS2013\icons\protStructure.gif -&gt; E:\061_GstarCAD-prog\01.gc.cs\GstarCadNetCsharp\Chap02_net481\DotNetARX\Help\Working\Output\HtmlHelp1\icons\protStructure.gif
C:\Program Files (x86)\EWSoftware\Sandcastle Help File Builder\Components\VS2013\icons\pubClass.gif -&gt; E:\061_GstarCAD-prog\01.gc.cs\GstarCadNetCsharp\Chap02_net481\DotNetARX\Help\Working\Output\HtmlHelp1\icons\pubClass.gif
C:\Program Files (x86)\EWSoftware\Sandcastle Help File Builder\Components\VS2013\icons\pubDelegate.gif -&gt; E:\061_GstarCAD-prog\01.gc.cs\GstarCadNetCsharp\Chap02_net481\DotNetARX\Help\Working\Output\HtmlHelp1\icons\pubDelegate.gif
C:\Program Files (x86)\EWSoftware\Sandcastle Help File Builder\Components\VS2013\icons\pubEnumeration.gif -&gt; E:\061_GstarCAD-prog\01.gc.cs\GstarCadNetCsharp\Chap02_net481\DotNetARX\Help\Working\Output\HtmlHelp1\icons\pubEnumeration.gif
C:\Program Files (x86)\EWSoftware\Sandcastle Help File Builder\Components\VS2013\icons\pubEvent.gif -&gt; E:\061_GstarCAD-prog\01.gc.cs\GstarCadNetCsharp\Chap02_net481\DotNetARX\Help\Working\Output\HtmlHelp1\icons\pubEvent.gif
C:\Program Files (x86)\EWSoftware\Sandcastle Help File Builder\Components\VS2013\icons\pubExtension.gif -&gt; E:\061_GstarCAD-prog\01.gc.cs\GstarCadNetCsharp\Chap02_net481\DotNetARX\Help\Working\Output\HtmlHelp1\icons\pubExtension.gif
C:\Program Files (x86)\EWSoftware\Sandcastle Help File Builder\Components\VS2013\icons\pubField.gif -&gt; E:\061_GstarCAD-prog\01.gc.cs\GstarCadNetCsharp\Chap02_net481\DotNetARX\Help\Working\Output\HtmlHelp1\icons\pubField.gif
C:\Program Files (x86)\EWSoftware\Sandcastle Help File Builder\Components\VS2013\icons\pubInterface.gif -&gt; E:\061_GstarCAD-prog\01.gc.cs\GstarCadNetCsharp\Chap02_net481\DotNetARX\Help\Working\Output\HtmlHelp1\icons\pubInterface.gif
C:\Program Files (x86)\EWSoftware\Sandcastle Help File Builder\Components\VS2013\icons\pubMethod.gif -&gt; E:\061_GstarCAD-prog\01.gc.cs\GstarCadNetCsharp\Chap02_net481\DotNetARX\Help\Working\Output\HtmlHelp1\icons\pubMethod.gif
C:\Program Files (x86)\EWSoftware\Sandcastle Help File Builder\Components\VS2013\icons\pubOperator.gif -&gt; E:\061_GstarCAD-prog\01.gc.cs\GstarCadNetCsharp\Chap02_net481\DotNetARX\Help\Working\Output\HtmlHelp1\icons\pubOperator.gif
C:\Program Files (x86)\EWSoftware\Sandcastle Help File Builder\Components\VS2013\icons\pubProperty.gif -&gt; E:\061_GstarCAD-prog\01.gc.cs\GstarCadNetCsharp\Chap02_net481\DotNetARX\Help\Working\Output\HtmlHelp1\icons\pubProperty.gif
C:\Program Files (x86)\EWSoftware\Sandcastle Help File Builder\Components\VS2013\icons\pubStructure.gif -&gt; E:\061_GstarCAD-prog\01.gc.cs\GstarCadNetCsharp\Chap02_net481\DotNetARX\Help\Working\Output\HtmlHelp1\icons\pubStructure.gif
C:\Program Files (x86)\EWSoftware\Sandcastle Help File Builder\Components\VS2013\icons\SectionCollapsed.png -&gt; E:\061_GstarCAD-prog\01.gc.cs\GstarCadNetCsharp\Chap02_net481\DotNetARX\Help\Working\Output\HtmlHelp1\icons\SectionCollapsed.png
C:\Program Files (x86)\EWSoftware\Sandcastle Help File Builder\Components\VS2013\icons\SectionExpanded.png -&gt; E:\061_GstarCAD-prog\01.gc.cs\GstarCadNetCsharp\Chap02_net481\DotNetARX\Help\Working\Output\HtmlHelp1\icons\SectionExpanded.png
C:\Program Files (x86)\EWSoftware\Sandcastle Help File Builder\Components\VS2013\icons\Static.gif -&gt; E:\061_GstarCAD-prog\01.gc.cs\GstarCadNetCsharp\Chap02_net481\DotNetARX\Help\Working\Output\HtmlHelp1\icons\Static.gif
C:\Program Files (x86)\EWSoftware\Sandcastle Help File Builder\Components\VS2013\scripts\branding.js -&gt; E:\061_GstarCAD-prog\01.gc.cs\GstarCadNetCsharp\Chap02_net481\DotNetARX\Help\Working\Output\HtmlHelp1\scripts\branding.js
C:\Program Files (x86)\EWSoftware\Sandcastle Help File Builder\Components\VS2013\styles\branding-cs-CZ.css -&gt; E:\061_GstarCAD-prog\01.gc.cs\GstarCadNetCsharp\Chap02_net481\DotNetARX\Help\Working\Output\HtmlHelp1\styles\branding-cs-CZ.css
C:\Program Files (x86)\EWSoftware\Sandcastle Help File Builder\Components\VS2013\styles\branding-de-DE.css -&gt; E:\061_GstarCAD-prog\01.gc.cs\GstarCadNetCsharp\Chap02_net481\DotNetARX\Help\Working\Output\HtmlHelp1\styles\branding-de-DE.css
C:\Program Files (x86)\EWSoftware\Sandcastle Help File Builder\Components\VS2013\styles\branding-en-US.css -&gt; E:\061_GstarCAD-prog\01.gc.cs\GstarCadNetCsharp\Chap02_net481\DotNetARX\Help\Working\Output\HtmlHelp1\styles\branding-en-US.css
C:\Program Files (x86)\EWSoftware\Sandcastle Help File Builder\Components\VS2013\styles\branding-es-ES.css -&gt; E:\061_GstarCAD-prog\01.gc.cs\GstarCadNetCsharp\Chap02_net481\DotNetARX\Help\Working\Output\HtmlHelp1\styles\branding-es-ES.css
C:\Program Files (x86)\EWSoftware\Sandcastle Help File Builder\Components\VS2013\styles\branding-fr-FR.css -&gt; E:\061_GstarCAD-prog\01.gc.cs\GstarCadNetCsharp\Chap02_net481\DotNetARX\Help\Working\Output\HtmlHelp1\styles\branding-fr-FR.css
C:\Program Files (x86)\EWSoftware\Sandcastle Help File Builder\Components\VS2013\styles\branding-Help1.css -&gt; E:\061_GstarCAD-prog\01.gc.cs\GstarCadNetCsharp\Chap02_net481\DotNetARX\Help\Working\Output\HtmlHelp1\styles\branding-Help1.css
C:\Program Files (x86)\EWSoftware\Sandcastle Help File Builder\Components\VS2013\styles\branding-HelpViewer.css -&gt; E:\061_GstarCAD-prog\01.gc.cs\GstarCadNetCsharp\Chap02_net481\DotNetARX\Help\Working\Output\HtmlHelp1\styles\branding-HelpViewer.css
C:\Program Files (x86)\EWSoftware\Sandcastle Help File Builder\Components\VS2013\styles\branding-it-IT.css -&gt; E:\061_GstarCAD-prog\01.gc.cs\GstarCadNetCsharp\Chap02_net481\DotNetARX\Help\Working\Output\HtmlHelp1\styles\branding-it-IT.css
C:\Program Files (x86)\EWSoftware\Sandcastle Help File Builder\Components\VS2013\styles\branding-ja-JP.css -&gt; E:\061_GstarCAD-prog\01.gc.cs\GstarCadNetCsharp\Chap02_net481\DotNetARX\Help\Working\Output\HtmlHelp1\styles\branding-ja-JP.css
C:\Program Files (x86)\EWSoftware\Sandcastle Help File Builder\Components\VS2013\styles\branding-ko-KR.css -&gt; E:\061_GstarCAD-prog\01.gc.cs\GstarCadNetCsharp\Chap02_net481\DotNetARX\Help\Working\Output\HtmlHelp1\styles\branding-ko-KR.css
C:\Program Files (x86)\EWSoftware\Sandcastle Help File Builder\Components\VS2013\styles\branding-pl-PL.css -&gt; E:\061_GstarCAD-prog\01.gc.cs\GstarCadNetCsharp\Chap02_net481\DotNetARX\Help\Working\Output\HtmlHelp1\styles\branding-pl-PL.css
C:\Program Files (x86)\EWSoftware\Sandcastle Help File Builder\Components\VS2013\styles\branding-pt-BR.css -&gt; E:\061_GstarCAD-prog\01.gc.cs\GstarCadNetCsharp\Chap02_net481\DotNetARX\Help\Working\Output\HtmlHelp1\styles\branding-pt-BR.css
C:\Program Files (x86)\EWSoftware\Sandcastle Help File Builder\Components\VS2013\styles\branding-ru-RU.css -&gt; E:\061_GstarCAD-prog\01.gc.cs\GstarCadNetCsharp\Chap02_net481\DotNetARX\Help\Working\Output\HtmlHelp1\styles\branding-ru-RU.css
C:\Program Files (x86)\EWSoftware\Sandcastle Help File Builder\Components\VS2013\styles\branding-tr-TR.css -&gt; E:\061_GstarCAD-prog\01.gc.cs\GstarCadNetCsharp\Chap02_net481\DotNetARX\Help\Working\Output\HtmlHelp1\styles\branding-tr-TR.css
C:\Program Files (x86)\EWSoftware\Sandcastle Help File Builder\Components\VS2013\styles\branding-Website.css -&gt; E:\061_GstarCAD-prog\01.gc.cs\GstarCadNetCsharp\Chap02_net481\DotNetARX\Help\Working\Output\HtmlHelp1\styles\branding-Website.css
C:\Program Files (x86)\EWSoftware\Sandcastle Help File Builder\Components\VS2013\styles\branding-zh-CN.css -&gt; E:\061_GstarCAD-prog\01.gc.cs\GstarCadNetCsharp\Chap02_net481\DotNetARX\Help\Working\Output\HtmlHelp1\styles\branding-zh-CN.css
C:\Program Files (x86)\EWSoftware\Sandcastle Help File Builder\Components\VS2013\styles\branding-zh-TW.css -&gt; E:\061_GstarCAD-prog\01.gc.cs\GstarCadNetCsharp\Chap02_net481\DotNetARX\Help\Working\Output\HtmlHelp1\styles\branding-zh-TW.css
C:\Program Files (x86)\EWSoftware\Sandcastle Help File Builder\Components\VS2013\styles\branding.css -&gt; E:\061_GstarCAD-prog\01.gc.cs\GstarCadNetCsharp\Chap02_net481\DotNetARX\Help\Working\Output\HtmlHelp1\styles\branding.css
    Last step completed in 00:00:00.2139
</buildStep>
<buildStep step="GenerateHelpProject">
Generating HTML Help 1 project file...
    Last step completed in 00:00:00.0150
</buildStep>
<buildStep step="CompilingHelpFile">
Compiling HTML Help 1 file...
[C:\Program Files (x86)\Microsoft Visual Studio\2017\Community\MSBuild\15.0\Bin\MSBuild.exe - Build1xHelpFile.proj]
  Microsoft HTML Help Compiler 4.74.8702
  
  
  
  Compiling e:\061_GstarCAD-prog\01.gc.cs\GstarCadNetCsharp\Chap02_net481\DotNetARX\Help\Working\Output\HtmlHelp1\Documentation.chm
  
  
  
  
  
  Compile time: 0 minutes, 1 second
  
  11	Topics
  
  80	Local links
  
  0	Internet links
  
  0	Graphics
  
  
  
  
  
  Created e:\061_GstarCAD-prog\01.gc.cs\GstarCadNetCsharp\Chap02_net481\DotNetARX\Help\Working\Output\HtmlHelp1\Documentation.chm, 52,623 bytes
  
  Compression decreased file by 82,952 bytes.
  
    Last step completed in 00:00:03.0016
</buildStep>
<buildStep step="CleanIntermediates">
Removing intermediate files...
    Last step completed in 00:00:00.0460
</buildStep>
<buildStep step="Completed">

Build completed successfully at 2024/7/2 下午 12:27:32.  Total time: 00:00:16.8197

</buildStep>
</shfbBuild>
